<?xml version="1.0" encoding="UTF-8"?>
<testng-results ignored="0" total="1" passed="1" failed="0" skipped="0">
  <reporter-output>
  </reporter-output>
  <suite started-at="2024-02-22T00:37:33 IST" name="Default suite" finished-at="2024-02-22T00:37:33 IST" duration-ms="43">
    <groups>
    </groups>
    <test started-at="2024-02-22T00:37:33 IST" name="Default test" finished-at="2024-02-22T00:37:33 IST" duration-ms="43">
      <class name="sdet_prototype.test_basics">
        <test-method signature="just_print()[pri:0, instance:sdet_prototype.test_basics@4738a206]" started-at="2024-02-22T00:37:33 IST" name="just_print" finished-at="2024-02-22T00:37:33 IST" duration-ms="9" status="PASS">
          <reporter-output>
          </reporter-output>
        </test-method> <!-- just_print -->
      </class> <!-- sdet_prototype.test_basics -->
    </test> <!-- Default test -->
  </suite> <!-- Default suite -->
</testng-results>
